#
# There is insufficient memory for the Java Runtime Environment to continue.
# Native memory allocation (malloc) failed to allocate 919216 bytes for Chunk::new
# Possible reasons:
#   The system is out of physical RAM or swap space
#   The process is running with CompressedOops enabled, and the Java Heap may be blocking the growth of the native heap
# Possible solutions:
#   Reduce memory load on the system
#   Increase physical memory or swap space
#   Check if swap backing store is full
#   Decrease Java heap size (-Xmx/-Xms)
#   Decrease number of Java threads
#   Decrease Java thread stack sizes (-Xss)
#   Set larger code cache with -XX:ReservedCodeCacheSize=
#   JVM is running with Unscaled Compressed Oops mode in which the Java heap is
#     placed in the first 4GB address space. The Java Heap base address is the
#     maximum limit for the native heap growth. Please use -XX:HeapBaseMinAddress
#     to set the Java Heap base and to place the Java Heap above 4GB virtual address.
# This output file may be truncated or incomplete.
#
#  Out of Memory Error (allocation.cpp:389), pid=19056, tid=0x0000000000002c3c
#
# JRE version: Java(TM) SE Runtime Environment (8.0_212-b10) (build 1.8.0_212-b10)
# Java VM: Java HotSpot(TM) 64-Bit Server VM (25.212-b10 mixed mode windows-amd64 compressed oops)
# Failed to write core dump. Minidumps are not enabled by default on client versions of Windows
#

---------------  T H R E A D  ---------------

Current thread (0x0000000019d2b800):  JavaThread "C2 CompilerThread2" daemon [_thread_in_native, id=11324, stack(0x000000001a810000,0x000000001a910000)]

Stack: [0x000000001a810000,0x000000001a910000]
[error occurred during error reporting (printing stack bounds), id 0xc0000005]

Native frames: (J=compiled Java code, j=interpreted, Vv=VM code, C=native code)


Current CompileTask:
C2:   7309 5706       4       java.lang.Class::privateGetMethodRecursive (130 bytes)


---------------  P R O C E S S  ---------------

Java Threads: ( => current thread )
  0x000000001c345000 JavaThread "localhost-startStop-1" daemon [_thread_in_vm, id=16656, stack(0x0000000022a60000,0x0000000022b60000)]
  0x000000001c19f800 JavaThread "Tomcat-startStop-1" daemon [_thread_blocked, id=15900, stack(0x0000000022960000,0x0000000022a60000)]
  0x000000001e4f0000 JavaThread "main" [_thread_blocked, id=14760, stack(0x000000001f030000,0x000000001f130000)]
  0x0000000019db4800 JavaThread "Service Thread" daemon [_thread_blocked, id=2452, stack(0x000000001aa10000,0x000000001ab10000)]
  0x0000000019d2f800 JavaThread "C1 CompilerThread3" daemon [_thread_blocked, id=21652, stack(0x000000001a910000,0x000000001aa10000)]
=>0x0000000019d2b800 JavaThread "C2 CompilerThread2" daemon [_thread_in_native, id=11324, stack(0x000000001a810000,0x000000001a910000)]
  0x0000000019d27800 JavaThread "C2 CompilerThread1" daemon [_thread_in_native, id=21764, stack(0x000000001a710000,0x000000001a810000)]
  0x0000000019d22000 JavaThread "C2 CompilerThread0" daemon [_thread_in_native, id=13732, stack(0x000000001a610000,0x000000001a710000)]
  0x0000000019d1a800 JavaThread "Attach Listener" daemon [_thread_blocked, id=22880, stack(0x000000001a510000,0x000000001a610000)]
  0x0000000019d19000 JavaThread "Signal Dispatcher" daemon [_thread_blocked, id=22872, stack(0x000000001a410000,0x000000001a510000)]
  0x0000000019d11000 JavaThread "Finalizer" daemon [_thread_blocked, id=16320, stack(0x000000001a1f0000,0x000000001a2f0000)]
  0x0000000017eed800 JavaThread "Reference Handler" daemon [_thread_blocked, id=9288, stack(0x000000001a0f0000,0x000000001a1f0000)]
  0x0000000002e82800 JavaThread "main" [_thread_blocked, id=18788, stack(0x0000000002ce0000,0x0000000002de0000)]

Other Threads:
  0x0000000017ee9800 VMThread [stack: 0x0000000019bf0000,0x0000000019cf0000] [id=4004]
  0x0000000019db7000 WatcherThread [stack: 0x000000001ac80000,0x000000001ad80000] [id=1124]

VM state:not at safepoint (normal execution)

VM Mutex/Monitor currently owned by a thread: None

heap address: 0x0000000083000000, size: 2000 MB, Compressed Oops mode: 32-bit
Narrow klass base: 0x0000000000000000, Narrow klass shift: 3
Compressed class space size: 1073741824 Address: 0x0000000100000000

Heap:
 PSYoungGen      total 142848K, used 125287K [0x00000000d6580000, 0x00000000e2900000, 0x0000000100000000)
  eden space 125952K, 99% used [0x00000000d6580000,0x00000000ddfd9c30,0x00000000de080000)
  from space 16896K, 0% used [0x00000000de080000,0x00000000de080000,0x00000000df100000)
  to   space 16384K, 0% used [0x00000000e1900000,0x00000000e1900000,0x00000000e2900000)
 ParOldGen       total 78336K, used 27930K [0x0000000083000000, 0x0000000087c80000, 0x00000000d6580000)
  object space 78336K, 35% used [0x0000000083000000,0x0000000084b46a38,0x0000000087c80000)
 Metaspace       used 40304K, capacity 41076K, committed 41384K, reserved 1085440K
  class space    used 4982K, capacity 5177K, committed 5288K, reserved 1048576K

Card table byte_map: [0x0000000012400000,0x00000000127f0000] byte_map_base: 0x0000000011fe8000

Marking Bits: (ParMarkBitMap*) 0x0000000063445ce0
 Begin Bits: [0x0000000013290000, 0x00000000151d0000)
 End Bits:   [0x00000000151d0000, 0x0000000017110000)

Polling page: 0x0000000001470000

CodeCache: size=245760Kb used=17959Kb max_used=17979Kb free=227800Kb
 bounds [0x0000000003040000, 0x00000000041f0000, 0x0000000012040000]
 total_blobs=5348 nmethods=4917 adapters=343
 compilation: enabled

Compilation events (10 events):
Event: 7.294 Thread 0x0000000019d2f800 5736       3       java.lang.Boolean::toString (15 bytes)
Event: 7.294 Thread 0x0000000019d2f800 nmethod 5736 0x0000000003ba7010 code [0x0000000003ba7180, 0x0000000003ba7350]
Event: 7.295 Thread 0x0000000019d2f800 5737       3       java.lang.StringCoding::scale (7 bytes)
Event: 7.295 Thread 0x0000000019d2f800 nmethod 5737 0x0000000003ba6cd0 code [0x0000000003ba6e20, 0x0000000003ba6f90]
Event: 7.296 Thread 0x0000000019d2f800 5738       3       ch.qos.logback.core.pattern.FormattingConverter::write (154 bytes)
Event: 7.297 Thread 0x0000000019d2f800 nmethod 5738 0x00000000041b29d0 code [0x00000000041b2c80, 0x00000000041b3f58]
Event: 7.297 Thread 0x0000000019d2f800 5740       3       java.util.concurrent.CopyOnWriteArrayList::<init> (24 bytes)
Event: 7.298 Thread 0x0000000019d2f800 nmethod 5740 0x0000000003595a10 code [0x0000000003595bc0, 0x0000000003596250]
Event: 7.298 Thread 0x0000000019d2f800 5739       1       java.lang.Enum::name (5 bytes)
Event: 7.298 Thread 0x0000000019d2f800 nmethod 5739 0x00000000031ecb50 code [0x00000000031ecca0, 0x00000000031ecdb0]

GC Heap History (10 events):
Event: 4.386 GC heap before
{Heap before GC invocations=7 (full 0):
 PSYoungGen      total 142336K, used 60334K [0x00000000d6580000, 0x00000000dfd80000, 0x0000000100000000)
  eden space 130560K, 38% used [0x00000000d6580000,0x00000000d971a830,0x00000000de500000)
  from space 11776K, 81% used [0x00000000df100000,0x00000000dfa510a8,0x00000000dfc80000)
  to   space 12288K, 0% used [0x00000000de500000,0x00000000de500000,0x00000000df100000)
 ParOldGen       total 86016K, used 14087K [0x0000000083000000, 0x0000000088400000, 0x00000000d6580000)
  object space 86016K, 16% used [0x0000000083000000,0x0000000083dc1ce8,0x0000000088400000)
 Metaspace       used 20483K, capacity 21074K, committed 21296K, reserved 1069056K
  class space    used 2448K, capacity 2609K, committed 2688K, reserved 1048576K
Event: 4.405 GC heap after
Heap after GC invocations=7 (full 0):
 PSYoungGen      total 142848K, used 11565K [0x00000000d6580000, 0x00000000dfd80000, 0x0000000100000000)
  eden space 130560K, 0% used [0x00000000d6580000,0x00000000d6580000,0x00000000de500000)
  from space 12288K, 94% used [0x00000000de500000,0x00000000df04b740,0x00000000df100000)
  to   space 11776K, 0% used [0x00000000df100000,0x00000000df100000,0x00000000dfc80000)
 ParOldGen       total 86016K, used 15865K [0x0000000083000000, 0x0000000088400000, 0x00000000d6580000)
  object space 86016K, 18% used [0x0000000083000000,0x0000000083f7e5b8,0x0000000088400000)
 Metaspace       used 20483K, capacity 21074K, committed 21296K, reserved 1069056K
  class space    used 2448K, capacity 2609K, committed 2688K, reserved 1048576K
}
Event: 4.405 GC heap before
{Heap before GC invocations=8 (full 1):
 PSYoungGen      total 142848K, used 11565K [0x00000000d6580000, 0x00000000dfd80000, 0x0000000100000000)
  eden space 130560K, 0% used [0x00000000d6580000,0x00000000d6580000,0x00000000de500000)
  from space 12288K, 94% used [0x00000000de500000,0x00000000df04b740,0x00000000df100000)
  to   space 11776K, 0% used [0x00000000df100000,0x00000000df100000,0x00000000dfc80000)
 ParOldGen       total 86016K, used 15865K [0x0000000083000000, 0x0000000088400000, 0x00000000d6580000)
  object space 86016K, 18% used [0x0000000083000000,0x0000000083f7e5b8,0x0000000088400000)
 Metaspace       used 20483K, capacity 21074K, committed 21296K, reserved 1069056K
  class space    used 2448K, capacity 2609K, committed 2688K, reserved 1048576K
Event: 4.500 GC heap after
Heap after GC invocations=8 (full 1):
 PSYoungGen      total 142848K, used 0K [0x00000000d6580000, 0x00000000dfd80000, 0x0000000100000000)
  eden space 130560K, 0% used [0x00000000d6580000,0x00000000d6580000,0x00000000de500000)
  from space 12288K, 0% used [0x00000000de500000,0x00000000de500000,0x00000000df100000)
  to   space 11776K, 0% used [0x00000000df100000,0x00000000df100000,0x00000000dfc80000)
 ParOldGen       total 78336K, used 21296K [0x0000000083000000, 0x0000000087c80000, 0x00000000d6580000)
  object space 78336K, 27% used [0x0000000083000000,0x00000000844cc1a0,0x0000000087c80000)
 Metaspace       used 20483K, capacity 21074K, committed 21296K, reserved 1069056K
  class space    used 2448K, capacity 2609K, committed 2688K, reserved 1048576K
}
Event: 5.637 GC heap before
{Heap before GC invocations=9 (full 1):
 PSYoungGen      total 142848K, used 130560K [0x00000000d6580000, 0x00000000dfd80000, 0x0000000100000000)
  eden space 130560K, 100% used [0x00000000d6580000,0x00000000de500000,0x00000000de500000)
  from space 12288K, 0% used [0x00000000de500000,0x00000000de500000,0x00000000df100000)
  to   space 11776K, 0% used [0x00000000df100000,0x00000000df100000,0x00000000dfc80000)
 ParOldGen       total 78336K, used 21296K [0x0000000083000000, 0x0000000087c80000, 0x00000000d6580000)
  object space 78336K, 27% used [0x0000000083000000,0x00000000844cc1a0,0x0000000087c80000)
 Metaspace       used 33900K, capacity 34670K, committed 34944K, reserved 1079296K
  class space    used 4166K, capacity 4360K, committed 4480K, reserved 1048576K
Event: 5.653 GC heap after
Heap after GC invocations=9 (full 1):
 PSYoungGen      total 137728K, used 11759K [0x00000000d6580000, 0x00000000e3d80000, 0x0000000100000000)
  eden space 125952K, 0% used [0x00000000d6580000,0x00000000d6580000,0x00000000de080000)
  from space 11776K, 99% used [0x00000000df100000,0x00000000dfc7bed8,0x00000000dfc80000)
  to   space 16896K, 0% used [0x00000000de080000,0x00000000de080000,0x00000000df100000)
 ParOldGen       total 78336K, used 27897K [0x0000000083000000, 0x0000000087c80000, 0x00000000d6580000)
  object space 78336K, 35% used [0x0000000083000000,0x0000000084b3e5e8,0x0000000087c80000)
 Metaspace       used 33900K, capacity 34670K, committed 34944K, reserved 1079296K
  class space    used 4166K, capacity 4360K, committed 4480K, reserved 1048576K
}
Event: 5.781 GC heap before
{Heap before GC invocations=10 (full 1):
 PSYoungGen      total 137728K, used 23833K [0x00000000d6580000, 0x00000000e3d80000, 0x0000000100000000)
  eden space 125952K, 9% used [0x00000000d6580000,0x00000000d714a770,0x00000000de080000)
  from space 11776K, 99% used [0x00000000df100000,0x00000000dfc7bed8,0x00000000dfc80000)
  to   space 16896K, 0% used [0x00000000de080000,0x00000000de080000,0x00000000df100000)
 ParOldGen       total 78336K, used 27897K [0x0000000083000000, 0x0000000087c80000, 0x00000000d6580000)
  object space 78336K, 35% used [0x0000000083000000,0x0000000084b3e5e8,0x0000000087c80000)
 Metaspace       used 34656K, capacity 35380K, committed 35496K, reserved 1081344K
  class space    used 4280K, capacity 4489K, committed 4520K, reserved 1048576K
Event: 5.789 GC heap after
Heap after GC invocations=10 (full 1):
 PSYoungGen      total 142848K, used 10095K [0x00000000d6580000, 0x00000000e2900000, 0x0000000100000000)
  eden space 125952K, 0% used [0x00000000d6580000,0x00000000d6580000,0x00000000de080000)
  from space 16896K, 59% used [0x00000000de080000,0x00000000dea5bdf0,0x00000000df100000)
  to   space 16384K, 0% used [0x00000000e1900000,0x00000000e1900000,0x00000000e2900000)
 ParOldGen       total 78336K, used 27905K [0x0000000083000000, 0x0000000087c80000, 0x00000000d6580000)
  object space 78336K, 35% used [0x0000000083000000,0x0000000084b405e8,0x0000000087c80000)
 Metaspace       used 34656K, capacity 35380K, committed 35496K, reserved 1081344K
  class space    used 4280K, capacity 4489K, committed 4520K, reserved 1048576K
}
Event: 5.789 GC heap before
{Heap before GC invocations=11 (full 2):
 PSYoungGen      total 142848K, used 10095K [0x00000000d6580000, 0x00000000e2900000, 0x0000000100000000)
  eden space 125952K, 0% used [0x00000000d6580000,0x00000000d6580000,0x00000000de080000)
  from space 16896K, 59% used [0x00000000de080000,0x00000000dea5bdf0,0x00000000df100000)
  to   space 16384K, 0% used [0x00000000e1900000,0x00000000e1900000,0x00000000e2900000)
 ParOldGen       total 78336K, used 27905K [0x0000000083000000, 0x0000000087c80000, 0x00000000d6580000)
  object space 78336K, 35% used [0x0000000083000000,0x0000000084b405e8,0x0000000087c80000)
 Metaspace       used 34656K, capacity 35380K, committed 35496K, reserved 1081344K
  class space    used 4280K, capacity 4489K, committed 4520K, reserved 1048576K
Event: 5.841 GC heap after
Heap after GC invocations=11 (full 2):
 PSYoungGen      total 142848K, used 0K [0x00000000d6580000, 0x00000000e2900000, 0x0000000100000000)
  eden space 125952K, 0% used [0x00000000d6580000,0x00000000d6580000,0x00000000de080000)
  from space 16896K, 0% used [0x00000000de080000,0x00000000de080000,0x00000000df100000)
  to   space 16384K, 0% used [0x00000000e1900000,0x00000000e1900000,0x00000000e2900000)
 ParOldGen       total 78336K, used 27930K [0x0000000083000000, 0x0000000087c80000, 0x00000000d6580000)
  object space 78336K, 35% used [0x0000000083000000,0x0000000084b46a38,0x0000000087c80000)
 Metaspace       used 34656K, capacity 35380K, committed 35496K, reserved 1081344K
  class space    used 4280K, capacity 4489K, committed 4520K, reserved 1048576K
}

Deoptimization events (10 events):
Event: 6.799 Thread 0x000000001c345000 Uncommon trap: reason=class_check action=maybe_recompile pc=0x00000000035cd17c method=java.util.zip.InflaterInputStream.read([BII)I @ 100
Event: 6.799 Thread 0x000000001c345000 Uncommon trap: reason=class_check action=maybe_recompile pc=0x00000000035cd17c method=java.util.zip.InflaterInputStream.read([BII)I @ 100
Event: 6.800 Thread 0x000000001c345000 Uncommon trap: reason=class_check action=maybe_recompile pc=0x00000000035cd17c method=java.util.zip.InflaterInputStream.read([BII)I @ 100
Event: 6.951 Thread 0x000000001c345000 Uncommon trap: reason=unstable_if action=reinterpret pc=0x000000000416ff30 method=java.util.Properties$LineReader.readLine()I @ 180
Event: 6.956 Thread 0x000000001c345000 Uncommon trap: reason=unstable_if action=reinterpret pc=0x00000000040d8df4 method=java.lang.Class.searchMethods([Ljava/lang/reflect/Method;Ljava/lang/String;[Ljava/lang/Class;)Ljava/lang/reflect/Method; @ 47
Event: 6.969 Thread 0x000000001c345000 Uncommon trap: reason=unstable_if action=reinterpret pc=0x0000000003ccf2e0 method=org.springframework.util.ConcurrentReferenceHashMap$Segment.findInChain(Lorg/springframework/util/ConcurrentReferenceHashMap$Reference;Ljava/lang/Object;I)Lorg/springframewo
Event: 6.969 Thread 0x000000001c345000 Uncommon trap: reason=unstable_if action=reinterpret pc=0x00000000037a77e8 method=org.springframework.util.ConcurrentReferenceHashMap$Segment.findInChain(Lorg/springframework/util/ConcurrentReferenceHashMap$Reference;Ljava/lang/Object;I)Lorg/springframewo
Event: 7.006 Thread 0x000000001c345000 Uncommon trap: reason=unstable_if action=reinterpret pc=0x0000000004119034 method=java.util.concurrent.ConcurrentHashMap.get(Ljava/lang/Object;)Ljava/lang/Object; @ 152
Event: 7.064 Thread 0x000000001c345000 Uncommon trap: reason=unstable_if action=reinterpret pc=0x00000000040f0180 method=org.springframework.boot.bind.DefaultPropertyNamePatternsMatcher.matches(Ljava/lang/String;)Z @ 112
Event: 7.064 Thread 0x000000001c345000 Uncommon trap: reason=unstable_if action=reinterpret pc=0x00000000035e51bc method=org.springframework.boot.bind.DefaultPropertyNamePatternsMatcher.matches(Ljava/lang/String;)Z @ 112

Classes redefined (0 events):
No events

Internal exceptions (10 events):
Event: 7.264 Thread 0x000000001c345000 Exception <a 'java/lang/ClassNotFoundException': org/springframework/web/filter/OncePerRequestFilterCustomizer> (0x00000000ddc66098) thrown at [C:\re\workspace\8-2-build-windows-amd64-cygwin\jdk8u212\12974\hotspot\src\share\vm\classfile\systemDictionary.c
Event: 7.267 Thread 0x000000001c345000 Exception <a 'java/lang/ClassNotFoundException': org/springframework/web/filter/CharacterEncodingFilterCustomizer> (0x00000000ddc7d0b8) thrown at [C:\re\workspace\8-2-build-windows-amd64-cygwin\jdk8u212\12974\hotspot\src\share\vm\classfile\systemDictionar
Event: 7.269 Thread 0x000000001c345000 Exception <a 'java/lang/ClassNotFoundException': org/springframework/boot/web/filter/OrderedCharacterEncodingFilterCustomizer> (0x00000000ddc9e508) thrown at [C:\re\workspace\8-2-build-windows-amd64-cygwin\jdk8u212\12974\hotspot\src\share\vm\classfile\sys
Event: 7.271 Thread 0x000000001c345000 Exception <a 'java/lang/ClassNotFoundException': org/springframework/core/OrderedCustomizer> (0x00000000ddcba810) thrown at [C:\re\workspace\8-2-build-windows-amd64-cygwin\jdk8u212\12974\hotspot\src\share\vm\classfile\systemDictionary.cpp, line 210]
Event: 7.272 Thread 0x000000001c345000 Exception <a 'java/lang/ClassNotFoundException': javax/servlet/FilterCustomizer> (0x00000000ddcc8f18) thrown at [C:\re\workspace\8-2-build-windows-amd64-cygwin\jdk8u212\12974\hotspot\src\share\vm\classfile\systemDictionary.cpp, line 210]
Event: 7.272 Thread 0x000000001c345000 Exception <a 'java/lang/ClassNotFoundException': org/springframework/beans/factory/BeanNameAwareCustomizer> (0x00000000ddcdd7a0) thrown at [C:\re\workspace\8-2-build-windows-amd64-cygwin\jdk8u212\12974\hotspot\src\share\vm\classfile\systemDictionary.cpp, 
Event: 7.273 Thread 0x000000001c345000 Exception <a 'java/lang/ClassNotFoundException': org/springframework/context/EnvironmentAwareCustomizer> (0x00000000ddcf1230) thrown at [C:\re\workspace\8-2-build-windows-amd64-cygwin\jdk8u212\12974\hotspot\src\share\vm\classfile\systemDictionary.cpp, lin
Event: 7.274 Thread 0x000000001c345000 Exception <a 'java/lang/ClassNotFoundException': org/springframework/web/context/ServletContextAwareCustomizer> (0x00000000ddd06698) thrown at [C:\re\workspace\8-2-build-windows-amd64-cygwin\jdk8u212\12974\hotspot\src\share\vm\classfile\systemDictionary.c
Event: 7.275 Thread 0x000000001c345000 Exception <a 'java/lang/ClassNotFoundException': org/springframework/beans/factory/InitializingBeanCustomizer> (0x00000000ddd1b748) thrown at [C:\re\workspace\8-2-build-windows-amd64-cygwin\jdk8u212\12974\hotspot\src\share\vm\classfile\systemDictionary.cp
Event: 7.276 Thread 0x000000001c345000 Exception <a 'java/lang/ClassNotFoundException': org/springframework/beans/factory/DisposableBeanCustomizer> (0x00000000ddd2f398) thrown at [C:\re\workspace\8-2-build-windows-amd64-cygwin\jdk8u212\12974\hotspot\src\share\vm\classfile\systemDictionary.cpp,

Events (10 events):
Event: 7.305 loading class org/apache/tomcat/websocket/BackgroundProcess
Event: 7.305 loading class org/apache/tomcat/websocket/BackgroundProcess done
Event: 7.306 loading class javax/websocket/CloseReason$CloseCode
Event: 7.306 loading class javax/websocket/CloseReason$CloseCode done
Event: 7.307 loading class javax/websocket/Endpoint
Event: 7.307 loading class javax/websocket/Endpoint done
Event: 7.307 loading class org/apache/tomcat/websocket/pojo/PojoEndpointClient
Event: 7.307 loading class org/apache/tomcat/websocket/pojo/PojoEndpointClient done
Event: 7.307 loading class org/apache/tomcat/websocket/pojo/PojoEndpointBase
Event: 7.307 loading class org/apache/tomcat/websocket/pojo/PojoEndpointBase done


Dynamic libraries:
0x00007ff6a5bc0000 - 0x00007ff6a5bf7000 	C:\Program Files\Java\jdk1.8.0_212\bin\javaw.exe
0x00007ff858590000 - 0x00007ff85877d000 	C:\Windows\SYSTEM32\ntdll.dll
0x00007ff846360000 - 0x00007ff846374000 	C:\Program Files\AVAST Software\Avast\aswhook.dll
0x00007ff856110000 - 0x00007ff8561c3000 	C:\Windows\System32\KERNEL32.DLL
0x00007ff8552f0000 - 0x00007ff855583000 	C:\Windows\System32\KERNELBASE.dll
0x00007ff8568f0000 - 0x00007ff856993000 	C:\Windows\System32\ADVAPI32.dll
0x00007ff855be0000 - 0x00007ff855c7e000 	C:\Windows\System32\msvcrt.dll
0x00007ff856a00000 - 0x00007ff856a9e000 	C:\Windows\System32\sechost.dll
0x00007ff855c80000 - 0x00007ff855da2000 	C:\Windows\System32\RPCRT4.dll
0x00007ff855860000 - 0x00007ff8559f7000 	C:\Windows\System32\USER32.dll
0x00007ff8552b0000 - 0x00007ff8552d0000 	C:\Windows\System32\win32u.dll
0x00007ff855830000 - 0x00007ff855859000 	C:\Windows\System32\GDI32.dll
0x00007ff855590000 - 0x00007ff855729000 	C:\Windows\System32\gdi32full.dll
0x00007ff854fd0000 - 0x00007ff855070000 	C:\Windows\System32\msvcp_win.dll
0x00007ff854e80000 - 0x00007ff854f7a000 	C:\Windows\System32\ucrtbase.dll
0x00007ff846000000 - 0x00007ff846279000 	C:\Windows\WinSxS\amd64_microsoft.windows.common-controls_6595b64144ccf1df_6.0.17763.864_none_05b3441807210760\COMCTL32.dll
0x00007ff858230000 - 0x00007ff85855c000 	C:\Windows\System32\combase.dll
0x00007ff855730000 - 0x00007ff8557ae000 	C:\Windows\System32\bcryptPrimitives.dll
0x00007ff855e20000 - 0x00007ff855e4e000 	C:\Windows\System32\IMM32.DLL
0x00000000634d0000 - 0x00000000635a2000 	C:\Program Files\Java\jdk1.8.0_212\jre\bin\msvcr100.dll
0x0000000062c20000 - 0x00000000634c5000 	C:\Program Files\Java\jdk1.8.0_212\jre\bin\server\jvm.dll
0x00007ff855e50000 - 0x00007ff855e58000 	C:\Windows\System32\PSAPI.DLL
0x00007ff83bf40000 - 0x00007ff83bf49000 	C:\Windows\SYSTEM32\WSOCK32.dll
0x00007ff855e60000 - 0x00007ff855ecd000 	C:\Windows\System32\WS2_32.dll
0x00007ff84cfa0000 - 0x00007ff84cfc4000 	C:\Windows\SYSTEM32\WINMM.dll
0x00007ff846d60000 - 0x00007ff846d6a000 	C:\Windows\SYSTEM32\VERSION.dll
0x00007ff84cf70000 - 0x00007ff84cf9d000 	C:\Windows\SYSTEM32\WINMMBASE.dll
0x00007ff854f80000 - 0x00007ff854fca000 	C:\Windows\System32\cfgmgr32.dll
0x00007ff84c390000 - 0x00007ff84c39f000 	C:\Program Files\Java\jdk1.8.0_212\jre\bin\verify.dll
0x00007ff84b230000 - 0x00007ff84b259000 	C:\Program Files\Java\jdk1.8.0_212\jre\bin\java.dll
0x00007ff84b210000 - 0x00007ff84b226000 	C:\Program Files\Java\jdk1.8.0_212\jre\bin\zip.dll
0x00007ff856d30000 - 0x00007ff858224000 	C:\Windows\System32\SHELL32.dll
0x00007ff855a00000 - 0x00007ff855aa8000 	C:\Windows\System32\shcore.dll
0x00007ff854680000 - 0x00007ff854dcd000 	C:\Windows\System32\windows.storage.dll
0x00007ff8545a0000 - 0x00007ff8545c4000 	C:\Windows\System32\profapi.dll
0x00007ff8545d0000 - 0x00007ff85462d000 	C:\Windows\System32\powrprof.dll
0x00007ff856b70000 - 0x00007ff856bc2000 	C:\Windows\System32\shlwapi.dll
0x00007ff854580000 - 0x00007ff854591000 	C:\Windows\System32\kernel.appcore.dll
0x00007ff8552d0000 - 0x00007ff8552e7000 	C:\Windows\System32\cryptsp.dll
0x00007ff853970000 - 0x00007ff8539a3000 	C:\Windows\system32\rsaenh.dll
0x00007ff854650000 - 0x00007ff854676000 	C:\Windows\System32\bcrypt.dll
0x00007ff854480000 - 0x00007ff8544a8000 	C:\Windows\SYSTEM32\USERENV.dll
0x00007ff853fc0000 - 0x00007ff853fcc000 	C:\Windows\SYSTEM32\CRYPTBASE.dll
0x00007ff84b1f0000 - 0x00007ff84b20a000 	C:\Program Files\Java\jdk1.8.0_212\jre\bin\net.dll
0x00007ff840160000 - 0x00007ff840337000 	C:\Windows\SYSTEM32\urlmon.dll
0x00007ff840830000 - 0x00007ff840ad8000 	C:\Windows\SYSTEM32\iertutil.dll
0x00007ff853df0000 - 0x00007ff853e57000 	C:\Windows\system32\mswsock.dll
0x00007ff853b10000 - 0x00007ff853b4d000 	C:\Windows\SYSTEM32\IPHLPAPI.DLL
0x00007ff855db0000 - 0x00007ff855db8000 	C:\Windows\System32\NSI.dll
0x00007ff845a70000 - 0x00007ff845a86000 	C:\Windows\SYSTEM32\dhcpcsvc6.DLL
0x00007ff845a50000 - 0x00007ff845a6c000 	C:\Windows\SYSTEM32\dhcpcsvc.DLL
0x00007ff853b50000 - 0x00007ff853c16000 	C:\Windows\SYSTEM32\DNSAPI.dll
0x00007ff84ad80000 - 0x00007ff84ad92000 	C:\Program Files\Java\jdk1.8.0_212\jre\bin\nio.dll
0x00007ff84ad70000 - 0x00007ff84ad7a000 	C:\Users\Rifka YAKOUBI\AppData\Local\Temp\jansi-1.17.1-8792667575635403372.dll
0x00007ff84ad60000 - 0x00007ff84ad6a000 	C:\Users\Rifka YAKOUBI\AppData\Local\Temp\jansi-1.17.1-7890121835306442686.dll
0x00007ff84ad50000 - 0x00007ff84ad5d000 	C:\Program Files\Java\jdk1.8.0_212\jre\bin\management.dll
0x00007ff82b620000 - 0x00007ff82b636000 	C:\Windows\system32\napinsp.dll
0x00007ff82b600000 - 0x00007ff82b61a000 	C:\Windows\system32\pnrpnsp.dll
0x00007ff82b5f0000 - 0x00007ff82b5fe000 	C:\Windows\System32\winrnr.dll
0x00007ff84e100000 - 0x00007ff84e11b000 	C:\Windows\system32\NLAapi.dll
0x00007ff84bab0000 - 0x00007ff84bac5000 	C:\Windows\system32\wshbth.dll
0x00007ff8455f0000 - 0x00007ff8455fa000 	C:\Windows\System32\rasadhlp.dll
0x00007ff845170000 - 0x00007ff8451e9000 	C:\Windows\System32\fwpuclnt.dll

VM Arguments:
jvm_args: -Dmaven.home=EMBEDDED -Dclassworlds.conf=C:\Users\Rifka YAKOUBI\eclipse-workspace\.metadata\.plugins\org.eclipse.m2e.launching\launches\m2conf7613130435314863308.tmp -Dmaven.multiModuleProjectDirectory=C:\Users\Rifka YAKOUBI\Downloads\SpringAngularProject -Dfile.encoding=Cp1252 
java_command: org.codehaus.plexus.classworlds.launcher.Launcher -B -Dmaven.test.skip=true -DskipTests spring-boot:run
java_class_path (initial): C:\Users\Rifka YAKOUBI\.p2\pool\plugins\org.eclipse.m2e.maven.runtime_1.13.0.20190716-1623\jars\plexus-classworlds-2.6.0.jar
Launcher Type: SUN_STANDARD

Environment Variables:
JAVA_HOME=C:\Program Files\Java\jdk1.8.0_212
PATH=C:/Program Files/Java/jre1.8.0_212/bin/server;C:/Program Files/Java/jre1.8.0_212/bin;C:/Program Files/Java/jre1.8.0_212/lib/amd64;C:\Program Files (x86)\Common Files\Oracle\Java\javapath;C:\Program Files (x86)\Intel\Intel(R) Management Engine Components\iCLS\;C:\Program Files\Intel\Intel(R) Management Engine Components\iCLS\;C:\Windows\system32;C:\Windows;C:\Windows\System32\Wbem;C:\Windows\System32\WindowsPowerShell\v1.0\;C:\Windows\System32\OpenSSH\;C:\Program Files (x86)\Intel\Intel(R) Management Engine Components\DAL;C:\Program Files\Intel\Intel(R) Management Engine Components\DAL;D:\workspace\Git\cmd;C:\Program Files\PuTTY\;C:\Program Files\Intel\WiFi\bin\;C:\Program Files\Common Files\Intel\WirelessCommon\;C:\Program Files\dotnet\;C:\Program Files\Microsoft SQL Server\130\Tools\Binn\;C:\Program Files\nodejs\;C:\Program Files (x86)\Yarn\bin\;C:\Program Files\MySQL\MySQL Shell 8.0\bin\;C:\Users\Rifka YAKOUBI\AppData\Local\Microsoft\WindowsApps;C:\Users\Rifka YAKOUBI\AppData\Local\Programs\Microsoft VS Code\bin;C:\Users\Rifka YAKOUBI\AppData\Roaming\npm;C:\Users\Rifka YAKOUBI\AppData\Local\Yarn\bin;;C:\Users\Rifka YAKOUBI\Desktop;
USERNAME=Rifka YAKOUBI
OS=Windows_NT
PROCESSOR_IDENTIFIER=Intel64 Family 6 Model 142 Stepping 11, GenuineIntel



---------------  S Y S T E M  ---------------

OS: Windows 10.0 , 64 bit Build 17763 (10.0.17763.475)

CPU:total 8 (initial active 8) (4 cores per cpu, 2 threads per core) family 6 model 142 stepping 11, cmov, cx8, fxsr, mmx, sse, sse2, sse3, ssse3, sse4.1, sse4.2, popcnt, avx, avx2, aes, clmul, erms, 3dnowpref, lzcnt, ht, tsc, tscinvbit, bmi1, bmi2, adx

Memory: 4k page, physical 8191404k(552176k free), swap 19714012k(6088k free)

vm_info: Java HotSpot(TM) 64-Bit Server VM (25.212-b10) for windows-amd64 JRE (1.8.0_212-b10), built on Apr  1 2019 22:50:23 by "java_re" with MS VC++ 10.0 (VS2010)

time: Thu Nov 28 14:08:49 2019
timezone: Paris, Madrid
elapsed time: 7 seconds (0d 0h 0m 7s)

